0 info it worked if it ends with ok
1 verbose cli [ 'C:\\Program Files\\nodejs\\node.exe',
1 verbose cli   'C:\\Program Files\\nodejs\\node_modules\\npm\\bin\\npm-cli.js',
1 verbose cli   'install',
1 verbose cli   '@types/lite-server',
1 verbose cli   '--save-dev' ]
2 info using npm@3.3.12
3 info using node@v5.4.1
4 silly loadCurrentTree Starting
5 silly install loadCurrentTree
6 silly install readLocalPackageData
7 silly fetchPackageMetaData @types/lite-server
8 silly fetchNamedPackageData @types/lite-server
9 silly mapToRegistry name @types/lite-server
10 silly mapToRegistry scope (from package name) @types
11 verbose mapToRegistry no registry URL found in name for scope @types
12 silly mapToRegistry using default registry
13 silly mapToRegistry registry http://localhost:9090/
14 silly mapToRegistry uri http://localhost:9090/@types%2flite-server
15 verbose request uri http://localhost:9090/@types%2flite-server
16 verbose request no auth needed
17 info attempt registry request try #1 at 6:29:53 AM
18 verbose request using bearer token for auth
19 verbose request id d5876f1aa55d597d
20 http request GET http://localhost:9090/@types%2flite-server
21 http 404 http://localhost:9090/@types%2flite-server
22 verbose headers { date: 'Tue, 23 May 2017 10:29:54 GMT',
22 verbose headers   connection: 'keep-alive',
22 verbose headers   'transfer-encoding': 'chunked' }
23 silly get cb [ 404,
23 silly get   { date: 'Tue, 23 May 2017 10:29:54 GMT',
23 silly get     connection: 'keep-alive',
23 silly get     'transfer-encoding': 'chunked' } ]
24 silly fetchPackageMetaData Error: Registry returned 404 for GET on http://localhost:9090/@types%2flite-server
24 silly fetchPackageMetaData     at makeError (C:\Users\shavauhng\AppData\Roaming\nvm\v5.4.1\node_modules\npm\node_modules\npm-registry-client\lib\request.js:264:12)
24 silly fetchPackageMetaData     at CachingRegistryClient.<anonymous> (C:\Users\shavauhng\AppData\Roaming\nvm\v5.4.1\node_modules\npm\node_modules\npm-registry-client\lib\request.js:242:14)
24 silly fetchPackageMetaData     at Request._callback (C:\Users\shavauhng\AppData\Roaming\nvm\v5.4.1\node_modules\npm\node_modules\npm-registry-client\lib\request.js:172:14)
24 silly fetchPackageMetaData     at Request.self.callback (C:\Users\shavauhng\AppData\Roaming\nvm\v5.4.1\node_modules\npm\node_modules\request\request.js:198:22)
24 silly fetchPackageMetaData     at emitTwo (events.js:87:13)
24 silly fetchPackageMetaData     at Request.emit (events.js:172:7)
24 silly fetchPackageMetaData     at Request.<anonymous> (C:\Users\shavauhng\AppData\Roaming\nvm\v5.4.1\node_modules\npm\node_modules\request\request.js:1082:10)
24 silly fetchPackageMetaData     at emitOne (events.js:82:20)
24 silly fetchPackageMetaData     at Request.emit (events.js:169:7)
24 silly fetchPackageMetaData     at IncomingMessage.<anonymous> (C:\Users\shavauhng\AppData\Roaming\nvm\v5.4.1\node_modules\npm\node_modules\request\request.js:1009:12)
24 silly fetchPackageMetaData  error for @types/lite-server { [Error: Registry returned 404 for GET on http://localhost:9090/@types%2flite-server] pkgid: '@types/lite-server', statusCode: 404, code: 'E404' }
25 silly rollbackFailedOptional Starting
26 silly rollbackFailedOptional Finishing
27 silly runTopLevelLifecycles Starting
28 silly runTopLevelLifecycles Finishing
29 silly install printInstalled
30 verbose stack Error: Registry returned 404 for GET on http://localhost:9090/@types%2flite-server
30 verbose stack     at makeError (C:\Users\shavauhng\AppData\Roaming\nvm\v5.4.1\node_modules\npm\node_modules\npm-registry-client\lib\request.js:264:12)
30 verbose stack     at CachingRegistryClient.<anonymous> (C:\Users\shavauhng\AppData\Roaming\nvm\v5.4.1\node_modules\npm\node_modules\npm-registry-client\lib\request.js:242:14)
30 verbose stack     at Request._callback (C:\Users\shavauhng\AppData\Roaming\nvm\v5.4.1\node_modules\npm\node_modules\npm-registry-client\lib\request.js:172:14)
30 verbose stack     at Request.self.callback (C:\Users\shavauhng\AppData\Roaming\nvm\v5.4.1\node_modules\npm\node_modules\request\request.js:198:22)
30 verbose stack     at emitTwo (events.js:87:13)
30 verbose stack     at Request.emit (events.js:172:7)
30 verbose stack     at Request.<anonymous> (C:\Users\shavauhng\AppData\Roaming\nvm\v5.4.1\node_modules\npm\node_modules\request\request.js:1082:10)
30 verbose stack     at emitOne (events.js:82:20)
30 verbose stack     at Request.emit (events.js:169:7)
30 verbose stack     at IncomingMessage.<anonymous> (C:\Users\shavauhng\AppData\Roaming\nvm\v5.4.1\node_modules\npm\node_modules\request\request.js:1009:12)
31 verbose statusCode 404
32 verbose pkgid @types/lite-server
33 verbose cwd c:\Users\shavauhng\Documents\dev\pick
34 error Windows_NT 10.0.14393
35 error argv "C:\\Program Files\\nodejs\\node.exe" "C:\\Program Files\\nodejs\\node_modules\\npm\\bin\\npm-cli.js" "install" "@types/lite-server" "--save-dev"
36 error node v5.4.1
37 error npm  v3.3.12
38 error code E404
39 error 404 Registry returned 404 for GET on http://localhost:9090/@types%2flite-server
39 error 404
39 error 404 '@types/lite-server' is not in the npm registry.
39 error 404 You should bug the author to publish it (or use the name yourself!)
39 error 404
39 error 404 Note that you can also install from a
39 error 404 tarball, folder, http url, or git url.
40 verbose exit [ 1, true ]
